<?xml version="1.0" encoding="UTF-8"?>
<testng-results ignored="0" total="1" passed="1" failed="0" skipped="0">
  <reporter-output>
  </reporter-output>
  <suite started-at="2022-08-16T19:38:15 IST" name="Surefire suite" finished-at="2022-08-16T19:38:15 IST" duration-ms="36">
    <groups>
    </groups>
    <test started-at="2022-08-16T19:38:15 IST" name="Surefire test" finished-at="2022-08-16T19:38:15 IST" duration-ms="36">
      <class name="Framework.FramewokProj.AppTest">
        <test-method signature="shouldAnswerWithTrue()" started-at="2022-08-16T19:38:15 IST" name="shouldAnswerWithTrue" finished-at="2022-08-16T19:38:15 IST" duration-ms="5" status="PASS">
          <reporter-output>
          </reporter-output>
        </test-method> <!-- shouldAnswerWithTrue -->
      </class> <!-- Framework.FramewokProj.AppTest -->
    </test> <!-- Surefire test -->
  </suite> <!-- Surefire suite -->
</testng-results>
