<?xml version="1.0" encoding="UTF-8"?>
<testng-results ignored="0" total="1" passed="1" failed="0" skipped="0">
  <reporter-output>
  </reporter-output>
  <suite started-at="2022-08-25T15:11:59 IST" name="Default suite" finished-at="2022-08-25T15:12:07 IST" duration-ms="8882">
    <groups>
    </groups>
    <test started-at="2022-08-25T15:11:59 IST" name="Default test" finished-at="2022-08-25T15:12:07 IST" duration-ms="8882">
      <class name="Framework.FramewokProj.Homepage">
        <test-method signature="basePageNavigation()[pri:0, instance:Framework.FramewokProj.Homepage@51e69659]" started-at="2022-08-25T15:11:59 IST" name="basePageNavigation" finished-at="2022-08-25T15:12:07 IST" duration-ms="8848" status="PASS">
          <reporter-output>
          </reporter-output>
        </test-method> <!-- basePageNavigation -->
      </class> <!-- Framework.FramewokProj.Homepage -->
    </test> <!-- Default test -->
  </suite> <!-- Default suite -->
</testng-results>
